This is pdfTeX, Version 3.1415926-2.5-1.40.14 (TeX Live 2013/Debian) (format=pdflatex 2014.4.2)  17 APR 2014 14:40
entering extended mode
 restricted \write18 enabled.
 %&-line parsing enabled.
**tcc.tex
(./tcc.tex
LaTeX2e <2011/06/27>
Babel <3.9f> and hyphenation patterns for 3 languages loaded.
(/usr/share/texmf/tex/latex/abntex/abnt.cls
(/usr/share/texmf/tex/latex/abntex/cvs-id.def)
Document Class: abnt 2006/09/09 v1.32 Classe abnt (NBR6024, NBR6027, NBR6028, N
BR14724)
(/usr/share/texlive/texmf-dist/tex/latex/base/ifthen.sty
Package: ifthen 2001/05/26 v1.1c Standard LaTeX ifthen package (DPC)
)
(/usr/share/texlive/texmf-dist/tex/latex/tools/calc.sty
Package: calc 2007/08/22 v4.3 Infix arithmetic (KKT,FJ)
\calc@Acount=\count79
\calc@Bcount=\count80
\calc@Adimen=\dimen102
\calc@Bdimen=\dimen103
\calc@Askip=\skip41
\calc@Bskip=\skip42
LaTeX Info: Redefining \setlength on input line 76.
LaTeX Info: Redefining \addtolength on input line 77.
\calc@Ccount=\count81
\calc@Cskip=\skip43
)
(/usr/share/texlive/texmf-dist/tex/latex/tools/multicol.sty
Package: multicol 2011/06/27 v1.7a multicolumn formatting (FMi)
\c@tracingmulticols=\count82
\mult@box=\box26
\multicol@leftmargin=\dimen104
\c@unbalance=\count83
\c@collectmore=\count84
\doublecol@number=\count85
\multicoltolerance=\count86
\multicolpretolerance=\count87
\full@width=\dimen105
\page@free=\dimen106
\premulticols=\dimen107
\postmulticols=\dimen108
\multicolsep=\skip44
\multicolbaselineskip=\skip45
\partial@page=\box27
\last@line=\box28
\mult@rightbox=\box29
\mult@grightbox=\box30
\mult@gfirstbox=\box31
\mult@firstbox=\box32
\@tempa=\box33
\@tempa=\box34
\@tempa=\box35
\@tempa=\box36
\@tempa=\box37
\@tempa=\box38
\@tempa=\box39
\@tempa=\box40
\@tempa=\box41
\@tempa=\box42
\@tempa=\box43
\@tempa=\box44
\@tempa=\box45
\@tempa=\box46
\@tempa=\box47
\@tempa=\box48
\@tempa=\box49
\c@columnbadness=\count88
\c@finalcolumnbadness=\count89
\last@try=\dimen109
\multicolovershoot=\dimen110
\multicolundershoot=\dimen111
\mult@nat@firstbox=\box50
\colbreak@box=\box51
\multicol@sort@counter=\count90
)
(/usr/share/texmf/tex/latex/abntex/abntex-abrev.sty
(/usr/share/texmf/tex/latex/abntex/cvs-id.def)
Package: abntex-abrev 2005/11/14 v1.4 Abreviacoes

(/usr/share/texmf/tex/latex/abntex/nbr10522-1988.def
(/usr/share/texmf/tex/latex/abntex/cvs-id.def)
File: nbr10522-1988.def 2003/10/13 v1.2 Abreviacoes bibliograficas (NBR10522:19
88)
)
(/usr/share/texmf/tex/latex/abntex/abntex-abrev-pt_BR.def
(/usr/share/texmf/tex/latex/abntex/cvs-id.def)
File: abntex-abrev-pt_BR.def 2005/11/14 v1.3 definicao de abntex-abrev, traduca
o de termos en_US/pt_BR
))
(/usr/share/texmf/tex/latex/abntex/abntex-text.sty
(/usr/share/texmf/tex/latex/abntex/cvs-id.def)
Package: abntex-text 2005/11/14 v1.1 abnTeX text replacements

(/usr/share/texmf/tex/latex/abntex/abntex-text-pt_BR.def
(/usr/share/texmf/tex/latex/abntex/cvs-id.def)
File: abntex-text-pt_BR.def 2005/12/21 v1.2 Definicao de nomes em Portugues/Bra
sil (pt_BR)
))
(/usr/share/texmf/tex/latex/abntex/abntex-default-design.sty
(/usr/share/texmf/tex/latex/abntex/cvs-id.def)
Package: abntex-default-design 2005/06/22 v1.2 Definicoes de design padrao do a
bntex
\ABNTanapindent=\skip46
\ABNTsignwidth=\skip47
\ABNTsignthickness=\skip48
\ABNTsignskip=\skip49
)
(/usr/share/texmf/tex/latex/abntex/nbr6027-1989.def)
(/usr/share/texmf/tex/latex/abntex/nbr14724-2001.def)
(/usr/share/texlive/texmf-dist/tex/latex/base/report.cls
Document Class: report 2007/10/19 v1.4h Standard LaTeX document class
(/usr/share/texlive/texmf-dist/tex/latex/base/size12.clo
File: size12.clo 2007/10/19 v1.4h Standard LaTeX file (size option)
)
\c@part=\count91
\c@chapter=\count92
\c@section=\count93
\c@subsection=\count94
\c@subsubsection=\count95
\c@paragraph=\count96
\c@subparagraph=\count97
\c@figure=\count98
\c@table=\count99
\abovecaptionskip=\skip50
\belowcaptionskip=\skip51
\bibindent=\dimen112
)
(/usr/share/texlive/texmf-dist/tex/latex/setspace/setspace.sty
Package: setspace 2011/12/19 v6.7a set line spacing
)
(/usr/share/texlive/texmf-dist/tex/latex/psnfss/mathptmx.sty
Package: mathptmx 2005/04/12 PSNFSS-v9.2a Times w/ Math, improved (SPQR, WaS) 
LaTeX Font Info:    Redeclaring symbol font `operators' on input line 28.
LaTeX Font Info:    Overwriting symbol font `operators' in version `normal'
(Font)                  OT1/cmr/m/n --> OT1/ztmcm/m/n on input line 28.
LaTeX Font Info:    Overwriting symbol font `operators' in version `bold'
(Font)                  OT1/cmr/bx/n --> OT1/ztmcm/m/n on input line 28.
LaTeX Font Info:    Redeclaring symbol font `letters' on input line 29.
LaTeX Font Info:    Overwriting symbol font `letters' in version `normal'
(Font)                  OML/cmm/m/it --> OML/ztmcm/m/it on input line 29.
LaTeX Font Info:    Overwriting symbol font `letters' in version `bold'
(Font)                  OML/cmm/b/it --> OML/ztmcm/m/it on input line 29.
LaTeX Font Info:    Redeclaring symbol font `symbols' on input line 30.
LaTeX Font Info:    Overwriting symbol font `symbols' in version `normal'
(Font)                  OMS/cmsy/m/n --> OMS/ztmcm/m/n on input line 30.
LaTeX Font Info:    Overwriting symbol font `symbols' in version `bold'
(Font)                  OMS/cmsy/b/n --> OMS/ztmcm/m/n on input line 30.
LaTeX Font Info:    Redeclaring symbol font `largesymbols' on input line 31.
LaTeX Font Info:    Overwriting symbol font `largesymbols' in version `normal'
(Font)                  OMX/cmex/m/n --> OMX/ztmcm/m/n on input line 31.
LaTeX Font Info:    Overwriting symbol font `largesymbols' in version `bold'
(Font)                  OMX/cmex/m/n --> OMX/ztmcm/m/n on input line 31.
\symbold=\mathgroup4
\symitalic=\mathgroup5
LaTeX Font Info:    Redeclaring math alphabet \mathbf on input line 34.
LaTeX Font Info:    Overwriting math alphabet `\mathbf' in version `normal'
(Font)                  OT1/cmr/bx/n --> OT1/ptm/bx/n on input line 34.
LaTeX Font Info:    Overwriting math alphabet `\mathbf' in version `bold'
(Font)                  OT1/cmr/bx/n --> OT1/ptm/bx/n on input line 34.
LaTeX Font Info:    Redeclaring math alphabet \mathit on input line 35.
LaTeX Font Info:    Overwriting math alphabet `\mathit' in version `normal'
(Font)                  OT1/cmr/m/it --> OT1/ptm/m/it on input line 35.
LaTeX Font Info:    Overwriting math alphabet `\mathit' in version `bold'
(Font)                  OT1/cmr/bx/it --> OT1/ptm/m/it on input line 35.
LaTeX Info: Redefining \hbar on input line 50.
)
(/usr/share/texlive/texmf-dist/tex/latex/psnfss/helvet.sty
Package: helvet 2005/04/12 PSNFSS-v9.2a (WaS) 

(/usr/share/texlive/texmf-dist/tex/latex/graphics/keyval.sty
Package: keyval 1999/03/16 v1.13 key=value parser (DPC)
\KV@toks@=\toks14
))
(/usr/share/texlive/texmf-dist/tex/latex/tools/indentfirst.sty
Package: indentfirst 1995/11/23 v1.03 Indent first paragraph (DPC)
))
(/usr/share/texlive/texmf-dist/tex/generic/babel/babel.sty
Package: babel 2013/05/16 v3.9f The Babel package

(/usr/share/texlive/texmf-dist/tex/generic/babel-portuges/portuges.ldf
Language: portuges 2008/03/18 v1.2q Portuguese support from the babel system

(/usr/share/texlive/texmf-dist/tex/generic/babel/babel.def
File: babel.def 2013/05/16 v3.9f Babel common definitions
\babel@savecnt=\count100
\U@D=\dimen113
)
\l@brazilian = a dialect from \language\l@portuges 
Package babel Info: Making " an active character on input line 145.
))
(/usr/share/texlive/texmf-dist/tex/latex/hyperref/hyperref.sty
Package: hyperref 2012/11/06 v6.83m Hypertext links for LaTeX

(/usr/share/texlive/texmf-dist/tex/generic/oberdiek/hobsub-hyperref.sty
Package: hobsub-hyperref 2012/05/28 v1.13 Bundle oberdiek, subset hyperref (HO)


(/usr/share/texlive/texmf-dist/tex/generic/oberdiek/hobsub-generic.sty
Package: hobsub-generic 2012/05/28 v1.13 Bundle oberdiek, subset generic (HO)
Package: hobsub 2012/05/28 v1.13 Construct package bundles (HO)
Package: infwarerr 2010/04/08 v1.3 Providing info/warning/error messages (HO)
Package: ltxcmds 2011/11/09 v1.22 LaTeX kernel commands for general use (HO)
Package: ifluatex 2010/03/01 v1.3 Provides the ifluatex switch (HO)
Package ifluatex Info: LuaTeX not detected.
Package: ifvtex 2010/03/01 v1.5 Detect VTeX and its facilities (HO)
Package ifvtex Info: VTeX not detected.
Package: intcalc 2007/09/27 v1.1 Expandable calculations with integers (HO)
Package: ifpdf 2011/01/30 v2.3 Provides the ifpdf switch (HO)
Package ifpdf Info: pdfTeX in PDF mode is detected.
Package: etexcmds 2011/02/16 v1.5 Avoid name clashes with e-TeX commands (HO)
Package etexcmds Info: Could not find \expanded.
(etexcmds)             That can mean that you are not using pdfTeX 1.50 or
(etexcmds)             that some package has redefined \expanded.
(etexcmds)             In the latter case, load this package earlier.
Package: kvsetkeys 2012/04/25 v1.16 Key value parser (HO)
Package: kvdefinekeys 2011/04/07 v1.3 Define keys (HO)
Package: pdftexcmds 2011/11/29 v0.20 Utility functions of pdfTeX for LuaTeX (HO
)
Package pdftexcmds Info: LuaTeX not detected.
Package pdftexcmds Info: \pdf@primitive is available.
Package pdftexcmds Info: \pdf@ifprimitive is available.
Package pdftexcmds Info: \pdfdraftmode found.
Package: pdfescape 2011/11/25 v1.13 Implements pdfTeX's escape features (HO)
Package: bigintcalc 2012/04/08 v1.3 Expandable calculations on big integers (HO
)
Package: bitset 2011/01/30 v1.1 Handle bit-vector datatype (HO)
Package: uniquecounter 2011/01/30 v1.2 Provide unlimited unique counter (HO)
)
Package hobsub Info: Skipping package `hobsub' (already loaded).
Package: letltxmacro 2010/09/02 v1.4 Let assignment for LaTeX macros (HO)
Package: hopatch 2012/05/28 v1.2 Wrapper for package hooks (HO)
Package: xcolor-patch 2011/01/30 xcolor patch
Package: atveryend 2011/06/30 v1.8 Hooks at the very end of document (HO)
Package atveryend Info: \enddocument detected (standard20110627).
Package: atbegshi 2011/10/05 v1.16 At begin shipout hook (HO)
Package: refcount 2011/10/16 v3.4 Data extraction from label references (HO)
Package: hycolor 2011/01/30 v1.7 Color options for hyperref/bookmark (HO)
)
(/usr/share/texlive/texmf-dist/tex/generic/ifxetex/ifxetex.sty
Package: ifxetex 2010/09/12 v0.6 Provides ifxetex conditional
)
(/usr/share/texlive/texmf-dist/tex/latex/oberdiek/auxhook.sty
Package: auxhook 2011/03/04 v1.3 Hooks for auxiliary files (HO)
)
(/usr/share/texlive/texmf-dist/tex/latex/oberdiek/kvoptions.sty
Package: kvoptions 2011/06/30 v3.11 Key value format for package options (HO)
)
\@linkdim=\dimen114
\Hy@linkcounter=\count101
\Hy@pagecounter=\count102

(/usr/share/texlive/texmf-dist/tex/latex/hyperref/pd1enc.def
File: pd1enc.def 2012/11/06 v6.83m Hyperref: PDFDocEncoding definition (HO)
)
\Hy@SavedSpaceFactor=\count103

(/usr/share/texlive/texmf-dist/tex/latex/latexconfig/hyperref.cfg
File: hyperref.cfg 2002/06/06 v1.2 hyperref configuration of TeXLive
)
Package hyperref Info: Hyper figures OFF on input line 4443.
Package hyperref Info: Link nesting OFF on input line 4448.
Package hyperref Info: Hyper index ON on input line 4451.
Package hyperref Info: Plain pages OFF on input line 4458.
Package hyperref Info: Backreferencing OFF on input line 4463.
Package hyperref Info: Implicit mode ON; LaTeX internals redefined.
Package hyperref Info: Bookmarks ON on input line 4688.
\c@Hy@tempcnt=\count104

(/usr/share/texlive/texmf-dist/tex/latex/url/url.sty
\Urlmuskip=\muskip10
Package: url 2006/04/12  ver 3.3  Verb mode for urls, etc.
)
LaTeX Info: Redefining \url on input line 5041.
\XeTeXLinkMargin=\dimen115
\Fld@menulength=\count105
\Field@Width=\dimen116
\Fld@charsize=\dimen117
Package hyperref Info: Hyper figures OFF on input line 6295.
Package hyperref Info: Link nesting OFF on input line 6300.
Package hyperref Info: Hyper index ON on input line 6303.
Package hyperref Info: backreferencing OFF on input line 6310.
Package hyperref Info: Link coloring OFF on input line 6315.
Package hyperref Info: Link coloring with OCG OFF on input line 6320.
Package hyperref Info: PDF/A mode OFF on input line 6325.
LaTeX Info: Redefining \ref on input line 6365.
LaTeX Info: Redefining \pageref on input line 6369.
\Hy@abspage=\count106
\c@Item=\count107
\c@Hfootnote=\count108
)

Package hyperref Message: Driver (autodetected): hpdftex.

(/usr/share/texlive/texmf-dist/tex/latex/hyperref/hpdftex.def
File: hpdftex.def 2012/11/06 v6.83m Hyperref driver for pdfTeX
\Fld@listcount=\count109
\c@bookmark@seq@number=\count110

(/usr/share/texlive/texmf-dist/tex/latex/oberdiek/rerunfilecheck.sty
Package: rerunfilecheck 2011/04/15 v1.7 Rerun checks for auxiliary files (HO)
Package uniquecounter Info: New unique counter `rerunfilecheck' on input line 2
82.
)
\Hy@SectionHShift=\skip52
)
(/usr/share/texlive/texmf-dist/tex/latex/base/inputenc.sty
Package: inputenc 2008/03/30 v1.1d Input encoding file
\inpenc@prehook=\toks15
\inpenc@posthook=\toks16

(/usr/share/texlive/texmf-dist/tex/latex/base/utf8.def
File: utf8.def 2008/04/05 v1.1m UTF-8 support for inputenc
Now handling font encoding OML ...
... no UTF-8 mapping file for font encoding OML
Now handling font encoding T1 ...
... processing UTF-8 mapping file for font encoding T1

(/usr/share/texlive/texmf-dist/tex/latex/base/t1enc.dfu
File: t1enc.dfu 2008/04/05 v1.1m UTF-8 support for inputenc
   defining Unicode char U+00A1 (decimal 161)
   defining Unicode char U+00A3 (decimal 163)
   defining Unicode char U+00AB (decimal 171)
   defining Unicode char U+00BB (decimal 187)
   defining Unicode char U+00BF (decimal 191)
   defining Unicode char U+00C0 (decimal 192)
   defining Unicode char U+00C1 (decimal 193)
   defining Unicode char U+00C2 (decimal 194)
   defining Unicode char U+00C3 (decimal 195)
   defining Unicode char U+00C4 (decimal 196)
   defining Unicode char U+00C5 (decimal 197)
   defining Unicode char U+00C6 (decimal 198)
   defining Unicode char U+00C7 (decimal 199)
   defining Unicode char U+00C8 (decimal 200)
   defining Unicode char U+00C9 (decimal 201)
   defining Unicode char U+00CA (decimal 202)
   defining Unicode char U+00CB (decimal 203)
   defining Unicode char U+00CC (decimal 204)
   defining Unicode char U+00CD (decimal 205)
   defining Unicode char U+00CE (decimal 206)
   defining Unicode char U+00CF (decimal 207)
   defining Unicode char U+00D0 (decimal 208)
   defining Unicode char U+00D1 (decimal 209)
   defining Unicode char U+00D2 (decimal 210)
   defining Unicode char U+00D3 (decimal 211)
   defining Unicode char U+00D4 (decimal 212)
   defining Unicode char U+00D5 (decimal 213)
   defining Unicode char U+00D6 (decimal 214)
   defining Unicode char U+00D8 (decimal 216)
   defining Unicode char U+00D9 (decimal 217)
   defining Unicode char U+00DA (decimal 218)
   defining Unicode char U+00DB (decimal 219)
   defining Unicode char U+00DC (decimal 220)
   defining Unicode char U+00DD (decimal 221)
   defining Unicode char U+00DE (decimal 222)
   defining Unicode char U+00DF (decimal 223)
   defining Unicode char U+00E0 (decimal 224)
   defining Unicode char U+00E1 (decimal 225)
   defining Unicode char U+00E2 (decimal 226)
   defining Unicode char U+00E3 (decimal 227)
   defining Unicode char U+00E4 (decimal 228)
   defining Unicode char U+00E5 (decimal 229)
   defining Unicode char U+00E6 (decimal 230)
   defining Unicode char U+00E7 (decimal 231)
   defining Unicode char U+00E8 (decimal 232)
   defining Unicode char U+00E9 (decimal 233)
   defining Unicode char U+00EA (decimal 234)
   defining Unicode char U+00EB (decimal 235)
   defining Unicode char U+00EC (decimal 236)
   defining Unicode char U+00ED (decimal 237)
   defining Unicode char U+00EE (decimal 238)
   defining Unicode char U+00EF (decimal 239)
   defining Unicode char U+00F0 (decimal 240)
   defining Unicode char U+00F1 (decimal 241)
   defining Unicode char U+00F2 (decimal 242)
   defining Unicode char U+00F3 (decimal 243)
   defining Unicode char U+00F4 (decimal 244)
   defining Unicode char U+00F5 (decimal 245)
   defining Unicode char U+00F6 (decimal 246)
   defining Unicode char U+00F8 (decimal 248)
   defining Unicode char U+00F9 (decimal 249)
   defining Unicode char U+00FA (decimal 250)
   defining Unicode char U+00FB (decimal 251)
   defining Unicode char U+00FC (decimal 252)
   defining Unicode char U+00FD (decimal 253)
   defining Unicode char U+00FE (decimal 254)
   defining Unicode char U+00FF (decimal 255)
   defining Unicode char U+0102 (decimal 258)
   defining Unicode char U+0103 (decimal 259)
   defining Unicode char U+0104 (decimal 260)
   defining Unicode char U+0105 (decimal 261)
   defining Unicode char U+0106 (decimal 262)
   defining Unicode char U+0107 (decimal 263)
   defining Unicode char U+010C (decimal 268)
   defining Unicode char U+010D (decimal 269)
   defining Unicode char U+010E (decimal 270)
   defining Unicode char U+010F (decimal 271)
   defining Unicode char U+0110 (decimal 272)
   defining Unicode char U+0111 (decimal 273)
   defining Unicode char U+0118 (decimal 280)
   defining Unicode char U+0119 (decimal 281)
   defining Unicode char U+011A (decimal 282)
   defining Unicode char U+011B (decimal 283)
   defining Unicode char U+011E (decimal 286)
   defining Unicode char U+011F (decimal 287)
   defining Unicode char U+0130 (decimal 304)
   defining Unicode char U+0131 (decimal 305)
   defining Unicode char U+0132 (decimal 306)
   defining Unicode char U+0133 (decimal 307)
   defining Unicode char U+0139 (decimal 313)
   defining Unicode char U+013A (decimal 314)
   defining Unicode char U+013D (decimal 317)
   defining Unicode char U+013E (decimal 318)
   defining Unicode char U+0141 (decimal 321)
   defining Unicode char U+0142 (decimal 322)
   defining Unicode char U+0143 (decimal 323)
   defining Unicode char U+0144 (decimal 324)
   defining Unicode char U+0147 (decimal 327)
   defining Unicode char U+0148 (decimal 328)
   defining Unicode char U+014A (decimal 330)
   defining Unicode char U+014B (decimal 331)
   defining Unicode char U+0150 (decimal 336)
   defining Unicode char U+0151 (decimal 337)
   defining Unicode char U+0152 (decimal 338)
   defining Unicode char U+0153 (decimal 339)
   defining Unicode char U+0154 (decimal 340)
   defining Unicode char U+0155 (decimal 341)
   defining Unicode char U+0158 (decimal 344)
   defining Unicode char U+0159 (decimal 345)
   defining Unicode char U+015A (decimal 346)
   defining Unicode char U+015B (decimal 347)
   defining Unicode char U+015E (decimal 350)
   defining Unicode char U+015F (decimal 351)
   defining Unicode char U+0160 (decimal 352)
   defining Unicode char U+0161 (decimal 353)
   defining Unicode char U+0162 (decimal 354)
   defining Unicode char U+0163 (decimal 355)
   defining Unicode char U+0164 (decimal 356)
   defining Unicode char U+0165 (decimal 357)
   defining Unicode char U+016E (decimal 366)
   defining Unicode char U+016F (decimal 367)
   defining Unicode char U+0170 (decimal 368)
   defining Unicode char U+0171 (decimal 369)
   defining Unicode char U+0178 (decimal 376)
   defining Unicode char U+0179 (decimal 377)
   defining Unicode char U+017A (decimal 378)
   defining Unicode char U+017B (decimal 379)
   defining Unicode char U+017C (decimal 380)
   defining Unicode char U+017D (decimal 381)
   defining Unicode char U+017E (decimal 382)
   defining Unicode char U+200C (decimal 8204)
   defining Unicode char U+2013 (decimal 8211)
   defining Unicode char U+2014 (decimal 8212)
   defining Unicode char U+2018 (decimal 8216)
   defining Unicode char U+2019 (decimal 8217)
   defining Unicode char U+201A (decimal 8218)
   defining Unicode char U+201C (decimal 8220)
   defining Unicode char U+201D (decimal 8221)
   defining Unicode char U+201E (decimal 8222)
   defining Unicode char U+2030 (decimal 8240)
   defining Unicode char U+2031 (decimal 8241)
   defining Unicode char U+2039 (decimal 8249)
   defining Unicode char U+203A (decimal 8250)
   defining Unicode char U+2423 (decimal 9251)
)
Now handling font encoding OT1 ...
... processing UTF-8 mapping file for font encoding OT1

(/usr/share/texlive/texmf-dist/tex/latex/base/ot1enc.dfu
File: ot1enc.dfu 2008/04/05 v1.1m UTF-8 support for inputenc
   defining Unicode char U+00A1 (decimal 161)
   defining Unicode char U+00A3 (decimal 163)
   defining Unicode char U+00B8 (decimal 184)
   defining Unicode char U+00BF (decimal 191)
   defining Unicode char U+00C5 (decimal 197)
   defining Unicode char U+00C6 (decimal 198)
   defining Unicode char U+00D8 (decimal 216)
   defining Unicode char U+00DF (decimal 223)
   defining Unicode char U+00E6 (decimal 230)
   defining Unicode char U+00EC (decimal 236)
   defining Unicode char U+00ED (decimal 237)
   defining Unicode char U+00EE (decimal 238)
   defining Unicode char U+00EF (decimal 239)
   defining Unicode char U+00F8 (decimal 248)
   defining Unicode char U+0131 (decimal 305)
   defining Unicode char U+0141 (decimal 321)
   defining Unicode char U+0142 (decimal 322)
   defining Unicode char U+0152 (decimal 338)
   defining Unicode char U+0153 (decimal 339)
   defining Unicode char U+2013 (decimal 8211)
   defining Unicode char U+2014 (decimal 8212)
   defining Unicode char U+2018 (decimal 8216)
   defining Unicode char U+2019 (decimal 8217)
   defining Unicode char U+201C (decimal 8220)
   defining Unicode char U+201D (decimal 8221)
)
Now handling font encoding OMS ...
... processing UTF-8 mapping file for font encoding OMS

(/usr/share/texlive/texmf-dist/tex/latex/base/omsenc.dfu
File: omsenc.dfu 2008/04/05 v1.1m UTF-8 support for inputenc
   defining Unicode char U+00A7 (decimal 167)
   defining Unicode char U+00B6 (decimal 182)
   defining Unicode char U+00B7 (decimal 183)
   defining Unicode char U+2020 (decimal 8224)
   defining Unicode char U+2021 (decimal 8225)
   defining Unicode char U+2022 (decimal 8226)
)
Now handling font encoding OMX ...
... no UTF-8 mapping file for font encoding OMX
Now handling font encoding U ...
... no UTF-8 mapping file for font encoding U
Now handling font encoding PD1 ...
... no UTF-8 mapping file for font encoding PD1
   defining Unicode char U+00A9 (decimal 169)
   defining Unicode char U+00AA (decimal 170)
   defining Unicode char U+00AE (decimal 174)
   defining Unicode char U+00BA (decimal 186)
   defining Unicode char U+02C6 (decimal 710)
   defining Unicode char U+02DC (decimal 732)
   defining Unicode char U+200C (decimal 8204)
   defining Unicode char U+2026 (decimal 8230)
   defining Unicode char U+2122 (decimal 8482)
   defining Unicode char U+2423 (decimal 9251)
))
(/usr/share/texlive/texmf-dist/tex/latex/base/fontenc.sty
Package: fontenc 2005/09/27 v1.99g Standard LaTeX package

(/usr/share/texlive/texmf-dist/tex/latex/base/t1enc.def
File: t1enc.def 2005/09/27 v1.99g Standard LaTeX file
LaTeX Font Info:    Redeclaring font encoding T1 on input line 43.
))
(/usr/share/texmf/tex/latex/abntex/abntcite.sty
(/usr/share/texmf/tex/latex/abntex/cvs-id.def)
Package: abntcite 2006/04/25 v1.30 Chamadas de referencias no texto (NBR10520, 
NBR10522)
\minimumbiblabelwidth=\skip53
\ABCIauxlen=\skip54
\c@ABCIaux=\count111
\c@ABCImax=\count112

(/usr/share/texmf/tex/latex/abntex/nbr10520-2002.def
(/usr/share/texmf/tex/latex/abntex/cvs-id.def)
File: nbr10520-2002.def 2006/04/25 v1.4 Definicoes para abntcite (NBR10520:2002
)
)
\biblabelsep=\skip55
LaTeX Info: Redefining \newblock on input line 466.
LaTeX Info: Redefining \cite on input line 493.
\ABCItoken=\toks17
)
(/usr/share/texlive/texmf-dist/tex/latex/graphics/graphicx.sty
Package: graphicx 1999/02/16 v1.0f Enhanced LaTeX Graphics (DPC,SPQR)

(/usr/share/texlive/texmf-dist/tex/latex/graphics/graphics.sty
Package: graphics 2009/02/05 v1.0o Standard LaTeX Graphics (DPC,SPQR)

(/usr/share/texlive/texmf-dist/tex/latex/graphics/trig.sty
Package: trig 1999/03/16 v1.09 sin cos tan (DPC)
)
(/usr/share/texlive/texmf-dist/tex/latex/latexconfig/graphics.cfg
File: graphics.cfg 2010/04/23 v1.9 graphics configuration of TeX Live
)
Package graphics Info: Driver file: pdftex.def on input line 91.

(/usr/share/texlive/texmf-dist/tex/latex/pdftex-def/pdftex.def
File: pdftex.def 2011/05/27 v0.06d Graphics/color for pdfTeX
\Gread@gobject=\count113
))
\Gin@req@height=\dimen118
\Gin@req@width=\dimen119
)
(/usr/share/texlive/texmf-dist/tex/latex/caption/caption.sty
Package: caption 2013/05/02 v3.3-89 Customizing captions (AR)

(/usr/share/texlive/texmf-dist/tex/latex/caption/caption3.sty
Package: caption3 2013/05/02 v1.6-88 caption3 kernel (AR)
Package caption3 Info: TeX engine: e-TeX on input line 57.
\captionmargin=\dimen120
\captionmargin@=\dimen121
\captionwidth=\dimen122
\caption@tempdima=\dimen123
\caption@indent=\dimen124
\caption@parindent=\dimen125
\caption@hangindent=\dimen126
)
\c@ContinuedFloat=\count114
Package caption Info: hyperref package is loaded.
)
(/usr/share/texlive/texmf-dist/tex/latex/pslatex/pslatex.sty
Package: pslatex 1996/07/24 v1.2 pslatex emulation (DPC)
LaTeX Font Info:    Redeclaring symbol font `operators' on input line 65.
LaTeX Font Info:    Overwriting symbol font `operators' in version `normal'
(Font)                  OT1/ztmcm/m/n --> OT1/ptmcm/m/n on input line 65.
LaTeX Font Info:    Overwriting symbol font `operators' in version `bold'
(Font)                  OT1/ztmcm/m/n --> OT1/ptmcm/m/n on input line 65.
LaTeX Font Info:    Redeclaring symbol font `letters' on input line 66.
LaTeX Font Info:    Overwriting symbol font `letters' in version `normal'
(Font)                  OML/ztmcm/m/it --> OML/ptmcm/m/it on input line 66.
LaTeX Font Info:    Overwriting symbol font `letters' in version `bold'
(Font)                  OML/ztmcm/m/it --> OML/ptmcm/m/it on input line 66.
LaTeX Font Info:    Redeclaring symbol font `symbols' on input line 67.
LaTeX Font Info:    Overwriting symbol font `symbols' in version `normal'
(Font)                  OMS/ztmcm/m/n --> OMS/pzccm/m/n on input line 67.
LaTeX Font Info:    Overwriting symbol font `symbols' in version `bold'
(Font)                  OMS/ztmcm/m/n --> OMS/pzccm/m/n on input line 67.
LaTeX Font Info:    Redeclaring symbol font `largesymbols' on input line 68.
LaTeX Font Info:    Overwriting symbol font `largesymbols' in version `normal'
(Font)                  OMX/ztmcm/m/n --> OMX/psycm/m/n on input line 68.
LaTeX Font Info:    Overwriting symbol font `largesymbols' in version `bold'
(Font)                  OMX/ztmcm/m/n --> OMX/psycm/m/n on input line 68.
LaTeX Font Info:    Redeclaring symbol font `bold' on input line 69.
LaTeX Font Info:    Overwriting symbol font `bold' in version `normal'
(Font)                  OT1/ptm/bx/n --> OT1/ptm/bx/n on input line 69.
LaTeX Font Info:    Overwriting symbol font `bold' in version `bold'
(Font)                  OT1/ptm/bx/n --> OT1/ptm/bx/n on input line 69.
LaTeX Font Info:    Redeclaring symbol font `italic' on input line 70.
LaTeX Font Info:    Overwriting symbol font `italic' in version `normal'
(Font)                  OT1/ptm/m/it --> OT1/ptm/m/it on input line 70.
LaTeX Font Info:    Overwriting symbol font `italic' in version `bold'
(Font)                  OT1/ptm/m/it --> OT1/ptm/m/it on input line 70.
LaTeX Font Info:    Redeclaring math alphabet \mathbf on input line 74.
LaTeX Font Info:    Overwriting math alphabet `\mathbf' in version `normal'
(Font)                  OT1/ptm/bx/n --> OT1/ptm/bx/n on input line 74.
LaTeX Font Info:    Overwriting math alphabet `\mathbf' in version `bold'
(Font)                  OT1/ptm/bx/n --> OT1/ptm/bx/n on input line 74.
LaTeX Font Info:    Redeclaring math alphabet \mathit on input line 75.
LaTeX Font Info:    Overwriting math alphabet `\mathit' in version `normal'
(Font)                  OT1/ptm/m/it --> OT1/ptm/m/it on input line 75.
LaTeX Font Info:    Overwriting math alphabet `\mathit' in version `bold'
(Font)                  OT1/ptm/m/it --> OT1/ptm/m/it on input line 75.
LaTeX Font Info:    Redeclaring math symbol \omicron on input line 79.
) (./epigraph.sty
Package: epigraph 2002/10/22 v1.5a typesetting epigraphs
\beforeepigraphskip=\skip56
\afterepigraphskip=\skip57
\epigraphwidth=\skip58
\epigraphrule=\skip59
)
(/usr/share/texlive/texmf-dist/tex/latex/geometry/geometry.sty
Package: geometry 2010/09/12 v5.6 Page Geometry
\Gm@cnth=\count115
\Gm@cntv=\count116
\c@Gm@tempcnt=\count117
\Gm@bindingoffset=\dimen127
\Gm@wd@mp=\dimen128
\Gm@odd@mp=\dimen129
\Gm@even@mp=\dimen130
\Gm@layoutwidth=\dimen131
\Gm@layoutheight=\dimen132
\Gm@layouthoffset=\dimen133
\Gm@layoutvoffset=\dimen134
\Gm@dimlist=\toks18
)
(/usr/share/texlive/texmf-dist/tex/latex/listings/listings.sty
\lst@mode=\count118
\lst@gtempboxa=\box52
\lst@token=\toks19
\lst@length=\count119
\lst@currlwidth=\dimen135
\lst@column=\count120
\lst@pos=\count121
\lst@lostspace=\dimen136
\lst@width=\dimen137
\lst@newlines=\count122
\lst@lineno=\count123
\lst@maxwidth=\dimen138

(/usr/share/texlive/texmf-dist/tex/latex/listings/lstmisc.sty
File: lstmisc.sty 2013/07/10 1.5 (Carsten Heinz)
\c@lstnumber=\count124
\lst@skipnumbers=\count125
\lst@framebox=\box53
)
(/usr/share/texlive/texmf-dist/tex/latex/listings/listings.cfg
File: listings.cfg 2013/06/27 1.5pre1 listings configuration
))
Package: listings 2013/07/10 1.5 (Carsten Heinz)

(/usr/share/texlive/texmf-dist/tex/latex/graphics/color.sty
Package: color 2005/11/14 v1.0j Standard LaTeX Color (DPC)

(/usr/share/texlive/texmf-dist/tex/latex/latexconfig/color.cfg
File: color.cfg 2007/01/18 v1.5 color configuration of teTeX/TeXLive
)
Package color Info: Driver file: pdftex.def on input line 130.
)
(/usr/share/texlive/texmf-dist/tex/latex/listings/lstlang1.sty
File: lstlang1.sty 2013/06/27 1.5pre1 listings language file
)
(/usr/share/texlive/texmf-dist/tex/latex/listings/lstlang2.sty
File: lstlang2.sty 2013/06/27 1.5pre1 listings language file
) (./tcc.aux
(./capa.aux) (./rosto.aux) (./aprovacao.aux) (./dedicatoria.aux)
(./agradecimentos.aux) (./epigrafe.aux) (./resumo.aux) (./abstract.aux)
(./cap1.aux) (./cap2.aux

LaTeX Warning: Label `Ruby' multiply defined.


LaTeX Warning: Label `test' multiply defined.


LaTeX Warning: Label `versionamento' multiply defined.


LaTeX Warning: Label `versionamento' multiply defined.


LaTeX Warning: Label `submeter' multiply defined.


LaTeX Warning: Label `submeter' multiply defined.


LaTeX Warning: Label `submeter' multiply defined.


LaTeX Warning: Label `submeter' multiply defined.


LaTeX Warning: Label `scaffold' multiply defined.


LaTeX Warning: Label `submeter' multiply defined.

) (./cap3.aux) (./cap4.aux))
\openout1 = `tcc.aux'.

LaTeX Font Info:    Checking defaults for OML/cmm/m/it on input line 61.
LaTeX Font Info:    ... okay on input line 61.
LaTeX Font Info:    Checking defaults for T1/cmr/m/n on input line 61.
LaTeX Font Info:    ... okay on input line 61.
LaTeX Font Info:    Checking defaults for OT1/cmr/m/n on input line 61.
LaTeX Font Info:    ... okay on input line 61.
LaTeX Font Info:    Checking defaults for OMS/pzccm/m/n on input line 61.
LaTeX Font Info:    Try loading font information for OMS+pzccm on input line 61
.

(/usr/share/texlive/texmf-dist/tex/latex/psnfss/omspzccm.fd
File: omspzccm.fd 2000/01/03 Fontinst v1.801 font definitions for OMS/pzccm.
)
LaTeX Font Info:    ... okay on input line 61.
LaTeX Font Info:    Checking defaults for OMX/cmex/m/n on input line 61.
LaTeX Font Info:    ... okay on input line 61.
LaTeX Font Info:    Checking defaults for U/cmr/m/n on input line 61.
LaTeX Font Info:    ... okay on input line 61.
LaTeX Font Info:    Checking defaults for PD1/pdf/m/n on input line 61.
LaTeX Font Info:    ... okay on input line 61.
\big@size=\dimen139
\AtBeginShipoutBox=\box54
Package hyperref Info: Link coloring OFF on input line 61.

(/usr/share/texlive/texmf-dist/tex/latex/hyperref/nameref.sty
Package: nameref 2012/10/27 v2.43 Cross-referencing by name of section

(/usr/share/texlive/texmf-dist/tex/generic/oberdiek/gettitlestring.sty
Package: gettitlestring 2010/12/03 v1.4 Cleanup title references (HO)
)
\c@section@level=\count126
)
LaTeX Info: Redefining \ref on input line 61.
LaTeX Info: Redefining \pageref on input line 61.
LaTeX Info: Redefining \nameref on input line 61.

(./tcc.out) (./tcc.out)
\@outlinefile=\write3
\openout3 = `tcc.out'.


(/usr/share/texlive/texmf-dist/tex/context/base/supp-pdf.mkii
[Loading MPS to PDF converter (version 2006.09.02).]
\scratchcounter=\count127
\scratchdimen=\dimen140
\scratchbox=\box55
\nofMPsegments=\count128
\nofMParguments=\count129
\everyMPshowfont=\toks20
\MPscratchCnt=\count130
\MPscratchDim=\dimen141
\MPnumerator=\count131
\makeMPintoPDFobject=\count132
\everyMPtoPDFconversion=\toks21
) (/usr/share/texlive/texmf-dist/tex/latex/oberdiek/epstopdf-base.sty
Package: epstopdf-base 2010/02/09 v2.5 Base part for package epstopdf

(/usr/share/texlive/texmf-dist/tex/latex/oberdiek/grfext.sty
Package: grfext 2010/08/19 v1.1 Manage graphics extensions (HO)
)
Package grfext Info: Graphics extension search list:
(grfext)             [.png,.pdf,.jpg,.mps,.jpeg,.jbig2,.jb2,.PNG,.PDF,.JPG,.JPE
G,.JBIG2,.JB2,.eps]
(grfext)             \AppendGraphicsExtensions on input line 452.

(/usr/share/texlive/texmf-dist/tex/latex/latexconfig/epstopdf-sys.cfg
File: epstopdf-sys.cfg 2010/07/13 v1.3 Configuration of (r)epstopdf for TeX Liv
e
))
Package caption Info: Begin \AtBeginDocument code.
Package caption Info: listings package is loaded.
Package caption Info: End \AtBeginDocument code.

*geometry* driver: auto-detecting
*geometry* detected driver: pdftex
*geometry* verbose mode - [ preamble ] result:
* driver: pdftex
* paper: a4paper
* layout: <same size as paper>
* layoutoffset:(h,v)=(0.0pt,0.0pt)
* modes: 
* h-part:(L,W,R)=(85.35826pt, 455.24411pt, 56.9055pt)
* v-part:(T,H,B)=(85.35826pt, 702.78308pt, 56.9055pt)
* \paperwidth=597.50787pt
* \paperheight=845.04684pt
* \textwidth=455.24411pt
* \textheight=702.78308pt
* \oddsidemargin=13.08827pt
* \evensidemargin=13.08827pt
* \topmargin=-21.05495pt
* \headheight=12.0pt
* \headsep=22.14322pt
* \topskip=12.0pt
* \footskip=30.0pt
* \marginparwidth=35.0pt
* \marginparsep=10.0pt
* \columnsep=10.0pt
* \skip\footins=10.8pt plus 4.0pt minus 2.0pt
* \hoffset=0.0pt
* \voffset=0.0pt
* \mag=1000
* \@twocolumnfalse
* \@twosidefalse
* \@mparswitchfalse
* \@reversemarginfalse
* (1in=72.27pt=25.4mm, 1cm=28.453pt)

\c@lstlisting=\count133
\openout2 = `capa.aux'.

(./capa.tex <figuras/logo.jpg, id=155, 1366.10374pt x 253.94875pt>
File: figuras/logo.jpg Graphic file (type jpg)

<use figuras/logo.jpg>
Package pdftex.def Info: figuras/logo.jpg used on input line 4.
(pdftex.def)             Requested size: 1366.10042pt x 253.94812pt.

Overfull \hbox (22.89937pt too wide) in paragraph at lines 4--5
 [][] 
 []

Package babel Info: Redefining portuges shorthand "|
(babel)             in language append on input line 15.
Package babel Info: Redefining portuges shorthand "|
(babel)             in language append on input line 15.
[1


{/var/lib/texmf/fonts/map/pdftex/updmap/pdftex.map} <./figuras/logo.jpg>])
\openout2 = `rosto.aux'.


(./rosto.tex
File: figuras/logo.jpg Graphic file (type jpg)
 <use figuras/logo.jpg>
Package pdftex.def Info: figuras/logo.jpg used on input line 4.
(pdftex.def)             Requested size: 1366.10042pt x 253.94812pt.

Overfull \hbox (22.89937pt too wide) in paragraph at lines 4--5
 [][] 
 []


Underfull \hbox (badness 10000) in paragraph at lines 14--16

 []

LaTeX Font Info:    Try loading font information for OT1+ptmcm on input line 17
.
(/usr/share/texlive/texmf-dist/tex/latex/psnfss/ot1ptmcm.fd
File: ot1ptmcm.fd 2000/01/03 Fontinst v1.801 font definitions for OT1/ptmcm.
)
LaTeX Font Info:    Try loading font information for OML+ptmcm on input line 17
.

(/usr/share/texlive/texmf-dist/tex/latex/psnfss/omlptmcm.fd
File: omlptmcm.fd 2000/01/03 Fontinst v1.801 font definitions for OML/ptmcm.
)
LaTeX Font Info:    Try loading font information for OMX+psycm on input line 17
.

(/usr/share/texlive/texmf-dist/tex/latex/psnfss/omxpsycm.fd
File: omxpsycm.fd 2000/01/03 Fontinst v1.801 font definitions for OMX/psycm.
)
LaTeX Font Info:    Font shape `OT1/ptm/bx/n' in size <12> not available
(Font)              Font shape `OT1/ptm/b/n' tried instead on input line 17.
LaTeX Font Info:    Font shape `OT1/ptm/bx/n' in size <9> not available
(Font)              Font shape `OT1/ptm/b/n' tried instead on input line 17.
LaTeX Font Info:    Font shape `OT1/ptm/bx/n' in size <7> not available
(Font)              Font shape `OT1/ptm/b/n' tried instead on input line 17.
Package babel Info: Redefining portuges shorthand "|
(babel)             in language append on input line 22.
Package babel Info: Redefining portuges shorthand "|
(babel)             in language append on input line 22.
pdfTeX warning (ext4): destination with the same identifier (name{page.}) has b
een already used, duplicate ignored
<to be read again> 
                   \relax 
l.22 \end{titlepage}
                     [1


])
\openout2 = `aprovacao.aux'.

 (./aprovacao.tex
Underfull \hbox (badness 10000) in paragraph at lines 12--13

 []


Underfull \hbox (badness 10000) in paragraph at lines 12--13

 []


Underfull \hbox (badness 10000) in paragraph at lines 16--18

 []

Package babel Info: Redefining portuges shorthand "|
(babel)             in language append on input line 19.
Package babel Info: Redefining portuges shorthand "|
(babel)             in language append on input line 19.
pdfTeX warning (ext4): destination with the same identifier (name{page.}) has b
een already used, duplicate ignored
<to be read again> 
                   \relax 
l.19 \end{folhadeaprovacao}
                            [2



])
\openout2 = `dedicatoria.aux'.

 (./dedicatoria.tex)
Package babel Info: Redefining portuges shorthand "|
(babel)             in language append on input line 65.
Package babel Info: Redefining portuges shorthand "|
(babel)             in language append on input line 65.
pdfTeX warning (ext4): destination with the same identifier (name{page.}) has b
een already used, duplicate ignored
<to be read again> 
                   \relax 
l.65 \include{dedicatoria}
                            % Cria a folha de dedicat√≥ria [3



]
\openout2 = `agradecimentos.aux'.


(./agradecimentos.tex
LaTeX Font Info:    Font shape `T1/ptm/bx/n' in size <12> not available
(Font)              Font shape `T1/ptm/b/n' tried instead on input line 2.
)
Package babel Info: Redefining portuges shorthand "|
(babel)             in language append on input line 66.
Package babel Info: Redefining portuges shorthand "|
(babel)             in language append on input line 66.
pdfTeX warning (ext4): destination with the same identifier (name{page.}) has b
een already used, duplicate ignored
<to be read again> 
                   \relax 
l.66 \include{agradecimentos}
                              % Cria a folha de agradecimentos [4


]
\openout2 = `epigrafe.aux'.


(./epigrafe.tex
LaTeX Font Info:    Font shape `OT1/ptm/bx/n' in size <10.95> not available
(Font)              Font shape `OT1/ptm/b/n' tried instead on input line 3.
LaTeX Font Info:    Font shape `OT1/ptm/bx/n' in size <8> not available
(Font)              Font shape `OT1/ptm/b/n' tried instead on input line 3.
LaTeX Font Info:    Font shape `OT1/ptm/bx/n' in size <6> not available
(Font)              Font shape `OT1/ptm/b/n' tried instead on input line 3.
)
Package babel Info: Redefining portuges shorthand "|
(babel)             in language append on input line 67.
Package babel Info: Redefining portuges shorthand "|
(babel)             in language append on input line 67.
pdfTeX warning (ext4): destination with the same identifier (name{page.}) has b
een already used, duplicate ignored
<to be read again> 
                   \relax 
l.67 \include{epigrafe}
                        % Cria a ep√≠grafe (onde se coloca um pensamento)
[5


]
\openout2 = `resumo.aux'.

 (./resumo.tex)
Package babel Info: Redefining portuges shorthand "|
(babel)             in language append on input line 68.
Package babel Info: Redefining portuges shorthand "|
(babel)             in language append on input line 68.
pdfTeX warning (ext4): destination with the same identifier (name{page.}) has b
een already used, duplicate ignored
<to be read again> 
                   \relax 
l.68 \include{resumo}
                      % Resumo do trabalho [6


]
\openout2 = `abstract.aux'.

 (./abstract.tex)
Package babel Info: Redefining portuges shorthand "|
(babel)             in language append on input line 69.
Package babel Info: Redefining portuges shorthand "|
(babel)             in language append on input line 69.
pdfTeX warning (ext4): destination with the same identifier (name{page.}) has b
een already used, duplicate ignored
<to be read again> 
                   \relax 
l.69 \include{abstract}
                        % Resumo em l√≠ngua estrangeira [7


]
LaTeX Font Info:    Font shape `T1/ptm/bx/n' in size <14.4> not available
(Font)              Font shape `T1/ptm/b/n' tried instead on input line 71.
 (./tcc.lof)
\tf@lof=\write4
\openout4 = `tcc.lof'.

Package babel Info: Redefining portuges shorthand "|
(babel)             in language append on input line 73.
Package babel Info: Redefining portuges shorthand "|
(babel)             in language append on input line 73.
pdfTeX warning (ext4): destination with the same identifier (name{page.}) has b
een already used, duplicate ignored
<to be read again> 
                   \relax 
l.73 \tableofcontents
                      % Gera o sum√°rio [8


] (./tcc.toc
Package babel Info: Redefining portuges shorthand "|
(babel)             in language append on input line 30.
Package babel Info: Redefining portuges shorthand "|
(babel)             in language append on input line 30.
pdfTeX warning (ext4): destination with the same identifier (name{page.}) has b
een already used, duplicate ignored
<to be read again> 
                   \relax 
l.30 ...elacionais}{28}{section.listoffigures.3.2}
                                                   [9

])
\tf@toc=\write5
\openout5 = `tcc.toc'.

Package babel Info: Redefining portuges shorthand "|
(babel)             in language append on input line 73.
Package babel Info: Redefining portuges shorthand "|
(babel)             in language append on input line 73.
pdfTeX warning (ext4): destination with the same identifier (name{page.}) has b
een already used, duplicate ignored
<to be read again> 
                   \relax 
l.73 \tableofcontents
                      % Gera o sum√°rio [10]
\openout2 = `cap1.aux'.

 (./cap1.tex
Cap\'{\i }tulo 1.
Package babel Info: Redefining portuges shorthand "|
(babel)             in language append on input line 1.
Package babel Info: Redefining portuges shorthand "|
(babel)             in language append on input line 4.
Package babel Info: Redefining portuges shorthand "|
(babel)             in language append on input line 8.
Package babel Info: Redefining portuges shorthand "|
(babel)             in language append on input line 11.
)
Package babel Info: Redefining portuges shorthand "|
(babel)             in language append on input line 75.
Package babel Info: Redefining portuges shorthand "|
(babel)             in language append on input line 75.
 [11



]
\openout2 = `cap2.aux'.

 (./cap2.tex
Cap\'{\i }tulo 2.
Package babel Info: Redefining portuges shorthand "|
(babel)             in language append on input line 1.
Package babel Info: Redefining portuges shorthand "|
(babel)             in language append on input line 12.
Package babel Info: Redefining portuges shorthand "|
(babel)             in language append on input line 17.
Package babel Info: Redefining portuges shorthand "|
(babel)             in language append on input line 22.
Package babel Info: Redefining portuges shorthand "|
(babel)             in language append on input line 22.
[12



]
LaTeX Font Info:    Font shape `T1/ptm/bx/it' in size <12> not available
(Font)              Font shape `T1/ptm/b/it' tried instead on input line 32.

Underfull \hbox (badness 10000) in paragraph at lines 32--35

 []


Underfull \hbox (badness 10000) in paragraph at lines 32--35

 []

Package hyperref Info: bookmark level for unknown lstlisting defaults to 0 on i
nput line 36.
(/usr/share/texlive/texmf-dist/tex/latex/base/utf8.def
File: utf8.def 2008/04/05 v1.1m UTF-8 support for inputenc
)
Package babel Info: Redefining portuges shorthand "|
(babel)             in language append on input line 38.
Package babel Info: Redefining portuges shorthand "|
(babel)             in language append on input line 38.
 [13]
LaTeX Font Info:    Font shape `OT1/ptm/bx/n' in size <10> not available
(Font)              Font shape `OT1/ptm/b/n' tried instead on input line 38.
LaTeX Font Info:    Font shape `OT1/ptm/bx/n' in size <7.4> not available
(Font)              Font shape `OT1/ptm/b/n' tried instead on input line 38.
LaTeX Font Info:    Font shape `OMS/ptm/m/n' in size <10> not available
(Font)              Font shape `OMS/pzccm/m/n' tried instead on input line 42.

(/usr/share/texlive/texmf-dist/tex/latex/base/utf8.def
File: utf8.def 2008/04/05 v1.1m UTF-8 support for inputenc
)
Underfull \hbox (badness 10000) in paragraph at lines 71--73

 []

Package babel Info: Redefining portuges shorthand "|
(babel)             in language append on input line 75.
Package babel Info: Redefining portuges shorthand "|
(babel)             in language append on input line 75.
[14]
Package babel Info: Redefining portuges shorthand "|
(babel)             in language append on input line 78.
Package babel Info: Redefining portuges shorthand "|
(babel)             in language append on input line 83.
Package babel Info: Redefining portuges shorthand "|
(babel)             in language append on input line 87.
Package babel Info: Redefining portuges shorthand "|
(babel)             in language append on input line 87.
 [15] (/usr/share/texlive/texmf-dist/tex/latex/base/utf8.def
File: utf8.def 2008/04/05 v1.1m UTF-8 support for inputenc
)
(/usr/share/texlive/texmf-dist/tex/latex/base/utf8.def
File: utf8.def 2008/04/05 v1.1m UTF-8 support for inputenc
)
Package babel Info: Redefining portuges shorthand "|
(babel)             in language append on input line 118.

(/usr/share/texlive/texmf-dist/tex/latex/base/utf8.def
File: utf8.def 2008/04/05 v1.1m UTF-8 support for inputenc
)
Package babel Info: Redefining portuges shorthand "|
(babel)             in language append on input line 125.
Package babel Info: Redefining portuges shorthand "|
(babel)             in language append on input line 125.
 [16]
(/usr/share/texlive/texmf-dist/tex/latex/base/utf8.def
File: utf8.def 2008/04/05 v1.1m UTF-8 support for inputenc
)
(/usr/share/texlive/texmf-dist/tex/latex/base/utf8.def
File: utf8.def 2008/04/05 v1.1m UTF-8 support for inputenc
)
Package babel Info: Redefining portuges shorthand "|
(babel)             in language append on input line 155.
Package babel Info: Redefining portuges shorthand "|
(babel)             in language append on input line 162.

<figuras/server_side_mvc.png, id=329, 226.8475pt x 367.3725pt>
File: figuras/server_side_mvc.png Graphic file (type png)

<use figuras/server_side_mvc.png>
Package pdftex.def Info: figuras/server_side_mvc.png used on input line 168.
(pdftex.def)             Requested size: 226.84694pt x 367.37158pt.
Package babel Info: Redefining portuges shorthand "|
(babel)             in language append on input line 177.
Package babel Info: Redefining portuges shorthand "|
(babel)             in language append on input line 177.
 [17]
<figuras/hibrid_mode_mvc.png, id=346, 226.8475pt x 431.6125pt>
File: figuras/hibrid_mode_mvc.png Graphic file (type png)

<use figuras/hibrid_mode_mvc.png>
Package pdftex.def Info: figuras/hibrid_mode_mvc.png used on input line 180.
(pdftex.def)             Requested size: 226.84694pt x 431.61143pt.

<figuras/client_side_mvc.png, id=347, 224.84pt x 458.71375pt>
File: figuras/client_side_mvc.png Graphic file (type png)

<use figuras/client_side_mvc.png>
Package pdftex.def Info: figuras/client_side_mvc.png used on input line 191.
(pdftex.def)             Requested size: 224.83945pt x 458.71263pt.

Underfull \hbox (badness 10000) in paragraph at lines 185--195

 []


Underfull \hbox (badness 10000) in paragraph at lines 185--195

 []

Package babel Info: Redefining portuges shorthand "|
(babel)             in language append on input line 198.
Package babel Info: Redefining portuges shorthand "|
(babel)             in language append on input line 198.
[18 <./figuras/server_side_mvc.png> <./figuras/hibrid_mode_mvc.png>]
<figuras/mvc_complete.png, id=355, 465.23813pt x 328.97906pt>
File: figuras/mvc_complete.png Graphic file (type png)

<use figuras/mvc_complete.png>
Package pdftex.def Info: figuras/mvc_complete.png used on input line 201.
(pdftex.def)             Requested size: 465.23698pt x 328.97826pt.
LaTeX Font Info:    Font shape `OMS/ptm/m/n' in size <12> not available
(Font)              Font shape `OMS/pzccm/m/n' tried instead on input line 209.

Package babel Info: Redefining portuges shorthand "|
(babel)             in language append on input line 224.
Package babel Info: Redefining portuges shorthand "|
(babel)             in language append on input line 224.
 [19 <./figuras/client_side_mvc.png> <./figuras/mvc_complete.png>]
Package babel Info: Redefining portuges shorthand "|
(babel)             in language append on input line 233.

Overfull \hbox (5.18887pt too wide) in paragraph at lines 239--241
[]\T1/ptm/m/n/12 Assim como ou-tros fra-meworks de apli-ca-Á„o web o RoR uti-li
za a ar-qui-te-tura MVC(model
 []

Package babel Info: Redefining portuges shorthand "|
(babel)             in language append on input line 248.
Package babel Info: Redefining portuges shorthand "|
(babel)             in language append on input line 253.
Package babel Info: Redefining portuges shorthand "|
(babel)             in language append on input line 258.
Package babel Info: Redefining portuges shorthand "|
(babel)             in language append on input line 258.
[20]
Package babel Info: Redefining portuges shorthand "|
(babel)             in language append on input line 262.
Package babel Info: Redefining portuges shorthand "|
(babel)             in language append on input line 269.
Package babel Info: Redefining portuges shorthand "|
(babel)             in language append on input line 269.
 [21]
Package babel Info: Redefining portuges shorthand "|
(babel)             in language append on input line 272.
Package babel Info: Redefining portuges shorthand "|
(babel)             in language append on input line 277.
Package babel Info: Redefining portuges shorthand "|
(babel)             in language append on input line 283.
Package babel Info: Redefining portuges shorthand "|
(babel)             in language append on input line 288.
Package babel Info: Redefining portuges shorthand "|
(babel)             in language append on input line 298.
Package babel Info: Redefining portuges shorthand "|
(babel)             in language append on input line 298.
 [22]
Package babel Info: Redefining portuges shorthand "|
(babel)             in language append on input line 299.
Package babel Info: Redefining portuges shorthand "|
(babel)             in language append on input line 307.
Package babel Info: Redefining portuges shorthand "|
(babel)             in language append on input line 313.
 (/usr/share/texlive/texmf-dist/tex/latex/base/utf8.def
File: utf8.def 2008/04/05 v1.1m UTF-8 support for inputenc
)
<figuras/rails_app.png, id=393, 768.8725pt x 739.76375pt>
File: figuras/rails_app.png Graphic file (type png)

<use figuras/rails_app.png>
Package pdftex.def Info: figuras/rails_app.png used on input line 327.
(pdftex.def)             Requested size: 768.87062pt x 739.76193pt.

Underfull \hbox (badness 10000) in paragraph at lines 332--342

 []


Underfull \hbox (badness 10000) in paragraph at lines 332--342

 []

Package babel Info: Redefining portuges shorthand "|
(babel)             in language append on input line 342.
Package babel Info: Redefining portuges shorthand "|
(babel)             in language append on input line 342.
[23]
Package babel Info: Redefining portuges shorthand "|
(babel)             in language append on input line 342.
Package babel Info: Redefining portuges shorthand "|
(babel)             in language append on input line 346.
Package babel Info: Redefining portuges shorthand "|
(babel)             in language append on input line 346.
 [24 <./figuras/rails_app.png>]
(/usr/share/texlive/texmf-dist/tex/latex/base/utf8.def
File: utf8.def 2008/04/05 v1.1m UTF-8 support for inputenc
)
<figuras/scaffold_generator.png, id=406, 971.88094pt x 445.665pt>
File: figuras/scaffold_generator.png Graphic file (type png)

<use figuras/scaffold_generator.png>
Package pdftex.def Info: figuras/scaffold_generator.png used on input line 359.

(pdftex.def)             Requested size: 971.87857pt x 445.66391pt.
Package babel Info: Redefining portuges shorthand "|
(babel)             in language append on input line 367.
Package babel Info: Redefining portuges shorthand "|
(babel)             in language append on input line 373.
Package babel Info: Redefining portuges shorthand "|
(babel)             in language append on input line 373.
 [25 <./figuras/scaffold_generator.png>]
Package babel Info: Redefining portuges shorthand "|
(babel)             in language append on input line 374.
)
Package babel Info: Redefining portuges shorthand "|
(babel)             in language append on input line 76.
Package babel Info: Redefining portuges shorthand "|
(babel)             in language append on input line 76.

[26]
\openout2 = `cap3.aux'.

 (./cap3.tex
Cap\'{\i }tulo 3.
Package babel Info: Redefining portuges shorthand "|
(babel)             in language append on input line 1.
Package babel Info: Redefining portuges shorthand "|
(babel)             in language append on input line 5.
Package babel Info: Redefining portuges shorthand "|
(babel)             in language append on input line 22.
Package babel Info: Redefining portuges shorthand "|
(babel)             in language append on input line 25.
Package babel Info: Redefining portuges shorthand "|
(babel)             in language append on input line 25.
[27



]
Package babel Info: Redefining portuges shorthand "|
(babel)             in language append on input line 52.
Package babel Info: Redefining portuges shorthand "|
(babel)             in language append on input line 61.
Package babel Info: Redefining portuges shorthand "|
(babel)             in language append on input line 61.
 [28]
Package babel Info: Redefining portuges shorthand "|
(babel)             in language append on input line 63.
Package babel Info: Redefining portuges shorthand "|
(babel)             in language append on input line 65.
)
Package babel Info: Redefining portuges shorthand "|
(babel)             in language append on input line 77.
Package babel Info: Redefining portuges shorthand "|
(babel)             in language append on input line 77.
 [29]
\openout2 = `cap4.aux'.

 (./cap4.tex
Cap\'{\i }tulo 4.
Package babel Info: Redefining portuges shorthand "|
(babel)             in language append on input line 1.
Package babel Info: Redefining portuges shorthand "|
(babel)             in language append on input line 4.
Package babel Info: Redefining portuges shorthand "|
(babel)             in language append on input line 6.
Package babel Info: Redefining portuges shorthand "|
(babel)             in language append on input line 8.
Package babel Info: Redefining portuges shorthand "|
(babel)             in language append on input line 10.
)
Package babel Info: Redefining portuges shorthand "|
(babel)             in language append on input line 78.
Package babel Info: Redefining portuges shorthand "|
(babel)             in language append on input line 78.
 [30



] (./tcc.bbl
Package babel Info: Redefining portuges shorthand "|
(babel)             in language append on input line 3.
)
+-------------------------------------------------------------------+
| Comentario, sugestao ou critica sobre o abnTeX? Entre em contato: |
|                  http://abntex.codigolivre.org.br                 |
+-------------------------------------------------------------------+
Package atveryend Info: Empty hook `BeforeClearDocument' on input line 82.
Package babel Info: Redefining portuges shorthand "|
(babel)             in language append on input line 82.
Package babel Info: Redefining portuges shorthand "|
(babel)             in language append on input line 82.
[31


]
Package atveryend Info: Empty hook `AfterLastShipout' on input line 82.
 (./tcc.aux (./capa.aux) (./rosto.aux) (./aprovacao.aux) (./dedicatoria.aux) (.
/agradecimentos.aux) (./epigrafe.aux) (./resumo.aux) (./abstract.aux)
(./cap1.aux) (./cap2.aux) (./cap3.aux) (./cap4.aux))
Package atveryend Info: Executing hook `AtVeryEndDocument' on input line 82.
Package atveryend Info: Executing hook `AtEndAfterFileList' on input line 82.
Package rerunfilecheck Info: File `tcc.out' has not changed.
(rerunfilecheck)             Checksum: 9C102BF8565A91E6C40E67F03E37558A;3533.


LaTeX Warning: There were multiply-defined labels.

Package atveryend Info: Empty hook `AtVeryVeryEnd' on input line 82.
 ) 
Here is how much of TeX's memory you used:
 10514 strings out of 495007
 157156 string characters out of 6180697
 325117 words of memory out of 5000000
 13286 multiletter control sequences out of 15000+600000
 59610 words of font info for 92 fonts, out of 8000000 for 9000
 16 hyphenation exceptions out of 8191
 36i,8n,41p,1365b,1596s stack positions out of 5000i,500n,10000p,200000b,80000s
{/usr/share/texlive/texmf-dist/fonts/enc/dvips/base/8r.enc}</usr/share/texliv
e/texmf-dist/fonts/type1/public/amsfonts/cm/cmmi10.pfb></usr/share/texlive/texm
f-dist/fonts/type1/public/amsfonts/cm/cmsy10.pfb></usr/share/texlive/texmf-dist
/fonts/type1/urw/times/utmb8a.pfb></usr/share/texlive/texmf-dist/fonts/type1/ur
w/times/utmbi8a.pfb></usr/share/texlive/texmf-dist/fonts/type1/urw/times/utmr8a
.pfb></usr/share/texlive/texmf-dist/fonts/type1/urw/times/utmri8a.pfb>
Output written on tcc.pdf (32 pages, 483210 bytes).
PDF statistics:
 519 PDF objects out of 1000 (max. 8388607)
 463 compressed objects within 5 object streams
 137 named destinations out of 1000 (max. 500000)
 340 words of extra memory for PDF output out of 10000 (max. 10000000)

