\BOOKMARK [0][-]{chapter.listoffigures.1}{INTRODU\307\303O}{}% 1
\BOOKMARK [1][-]{section.listoffigures.1.1}{Objetivos}{chapter.listoffigures.1}% 2
\BOOKMARK [1][-]{section.listoffigures.1.2}{Justificativa}{chapter.listoffigures.1}% 3
\BOOKMARK [1][-]{section.listoffigures.1.3}{Organiza\347\343o do Trabalho}{chapter.listoffigures.1}% 4
\BOOKMARK [0][-]{chapter.listoffigures.2}{TECNOLOGIAS EMPREGADAS}{}% 5
\BOOKMARK [1][-]{section.listoffigures.2.1}{RVM \(Ruby Version Manager\)}{chapter.listoffigures.2}% 6
\BOOKMARK [2][-]{subsection.listoffigures.2.1.1}{Ruby}{section.listoffigures.2.1}% 7
\BOOKMARK [2][-]{subsection.listoffigures.2.1.2}{RubyGems}{section.listoffigures.2.1}% 8
\BOOKMARK [2][-]{subsection.listoffigures.2.1.3}{Zope}{section.listoffigures.2.1}% 9
\BOOKMARK [3][-]{subsubsection.listoffigures.2.1.3.1}{Zope Interfaces}{subsection.listoffigures.2.1.3}% 10
\BOOKMARK [1][-]{section.listoffigures.2.2}{XML}{chapter.listoffigures.2}% 11
\BOOKMARK [1][-]{section.listoffigures.2.3}{Formato Aberto}{chapter.listoffigures.2}% 12
\BOOKMARK [2][-]{subsection.listoffigures.2.3.1}{Formatos abertos de Documentos}{section.listoffigures.2.3}% 13
\BOOKMARK [3][-]{subsubsection.listoffigures.2.3.1.1}{Formatos de documentos ODF}{subsection.listoffigures.2.3.1}% 14
\BOOKMARK [3][-]{subsubsection.listoffigures.2.3.1.2}{Estrutura de documentos ODF}{subsection.listoffigures.2.3.1}% 15
\BOOKMARK [2][-]{subsection.listoffigures.2.3.2}{Formatos de Imagens}{section.listoffigures.2.3}% 16
\BOOKMARK [3][-]{subsubsection.listoffigures.2.3.2.1}{Estrutura do PNG}{subsection.listoffigures.2.3.2}% 17
\BOOKMARK [3][-]{subsubsection.listoffigures.2.3.2.2}{Exif}{subsection.listoffigures.2.3.2}% 18
\BOOKMARK [2][-]{subsection.listoffigures.2.3.3}{Formatos de \301udio}{section.listoffigures.2.3}% 19
\BOOKMARK [2][-]{subsection.listoffigures.2.3.4}{Formatos de V\355deo}{section.listoffigures.2.3}% 20
\BOOKMARK [1][-]{section.listoffigures.2.4}{LibreOffice}{chapter.listoffigures.2}% 21
\BOOKMARK [2][-]{subsection.listoffigures.2.4.1}{UNO}{section.listoffigures.2.4}% 22
\BOOKMARK [3][-]{subsubsection.listoffigures.2.4.1.1}{PyUNO}{subsection.listoffigures.2.4.1}% 23
\BOOKMARK [1][-]{section.listoffigures.2.5}{ImageMagick}{chapter.listoffigures.2}% 24
\BOOKMARK [1][-]{section.listoffigures.2.6}{XPDF}{chapter.listoffigures.2}% 25
\BOOKMARK [2][-]{subsection.listoffigures.2.6.1}{Poppler}{section.listoffigures.2.6}% 26
\BOOKMARK [1][-]{section.listoffigures.2.7}{PDFTk}{chapter.listoffigures.2}% 27
\BOOKMARK [1][-]{section.listoffigures.2.8}{FFMPEG}{chapter.listoffigures.2}% 28
\BOOKMARK [1][-]{section.listoffigures.2.9}{SERVI\307OS WEB}{chapter.listoffigures.2}% 29
\BOOKMARK [1][-]{section.listoffigures.2.10}{XML-RPC}{chapter.listoffigures.2}% 30
\BOOKMARK [1][-]{section.listoffigures.2.11}{WSGI}{chapter.listoffigures.2}% 31
\BOOKMARK [2][-]{subsection.listoffigures.2.11.1}{Paster}{section.listoffigures.2.11}% 32
\BOOKMARK [1][-]{section.listoffigures.2.12}{Git}{chapter.listoffigures.2}% 33
\BOOKMARK [2][-]{subsection.listoffigures.2.12.1}{Git e Subversion}{section.listoffigures.2.12}% 34
\BOOKMARK [0][-]{subsection.listoffigures.2.12.1}{REFER\312NCIAS BIBLIOGR\301FICAS}{}% 35
